Remove Pin=P1-1 From Net=MISO
Remove Pin=P1-2 From Net=SCK
Remove Pin=P1-3 From Net=RST
Remove Pin=P1-5 From Net=MOSI
Remove Pin=P3-14 From Net=PE6
Remove Pin=P3-15 From Net=PE2
Remove Pin=R1-1 From Net=Q0
Remove Pin=R3-1 From Net=Q1
Remove Pin=R4-1 From Net=D-
Remove Pin=R5-1 From Net=Q2
Remove Pin=R6-1 From Net=D+
Remove Pin=R7-1 From Net=Q3
Remove Pin=R8-1 From Net=Q4
Remove Pin=R9-1 From Net=Q5
Remove Pin=R10-1 From Net=Q6
Remove Pin=R11-1 From Net=Q7
Remove Pin=R12-1 From Net=Q8
Remove Pin=R13-1 From Net=Q9
Remove Pin=R14-1 From Net=Q10
Remove Pin=R15-1 From Net=Q11
Remove Pin=R16-1 From Net=Q12
Remove Pin=R17-1 From Net=Q13
Remove Pin=R18-1 From Net=Q14
Remove Pin=R19-1 From Net=Q15
Remove Pin=U1-1 From Net=PE6
Remove Pin=U1-3 From Net=D-
Remove Pin=U1-4 From Net=D+
Remove Pin=U1-13 From Net=RESET
Remove Pin=U1-33 From Net=PE2
Remove Pin=U2-1 From Net=PD5
Remove Pin=U2-2 From Net=SS
Remove Pin=U2-3 From Net=SCK
Remove Pin=U2-4 From Net=MOSI
Remove Pin=U2-5 From Net=MISO
Remove Pin=U2-6 From Net=PB7
Remove Pin=U3-1 From Net=Q1
Remove Pin=U3-2 From Net=Q2
Remove Pin=U3-3 From Net=Q3
Remove Pin=U3-4 From Net=Q4
Remove Pin=U3-5 From Net=Q5
Remove Pin=U3-6 From Net=Q6
Remove Pin=U3-7 From Net=Q7
Remove Pin=U3-11 From Net=SCK
Remove Pin=U3-12 From Net=SS
Remove Pin=U3-13 From Net=PD0
Remove Pin=U3-14 From Net=MOSI
Remove Pin=U3-15 From Net=Q0
Remove Pin=U4-1 From Net=Q9
Remove Pin=U4-2 From Net=Q10
Remove Pin=U4-3 From Net=Q11
Remove Pin=U4-4 From Net=Q12
Remove Pin=U4-5 From Net=Q13
Remove Pin=U4-6 From Net=Q14
Remove Pin=U4-7 From Net=Q15
Remove Pin=U4-11 From Net=SCK
Remove Pin=U4-12 From Net=SS
Remove Pin=U4-13 From Net=PD0
Remove Pin=U4-15 From Net=Q8
