Replace Part Battery1 PowerPins in C:\Users\Leeroy\Documents\GitHub\BoilerMakeBadge_I\PCB\BoilermakeBadge\MainBoard.SchDoc with PowerPins from BoilermakeBadge_ComponentsLibrary.IntLib
Replace Part C1 Cap Semi in C:\Users\Leeroy\Documents\GitHub\BoilerMakeBadge_I\PCB\BoilermakeBadge\MainBoard.SchDoc with Cap Semi from Miscellaneous Devices.IntLib
Replace Part C2 Cap Semi in C:\Users\Leeroy\Documents\GitHub\BoilerMakeBadge_I\PCB\BoilermakeBadge\MainBoard.SchDoc with Cap Semi from Miscellaneous Devices.IntLib
Replace Part C3 Electrolytic Capacitor in C:\Users\Leeroy\Documents\GitHub\BoilerMakeBadge_I\PCB\BoilermakeBadge\MainBoard.SchDoc with Electrolytic Capacitor from BoilermakeBadge_ComponentsLibrary.IntLib
Replace Part C4 Electrolytic Capacitor in C:\Users\Leeroy\Documents\GitHub\BoilerMakeBadge_I\PCB\BoilermakeBadge\MainBoard.SchDoc with Electrolytic Capacitor from BoilermakeBadge_ComponentsLibrary.IntLib
Replace Part C5 Cap Semi in C:\Users\Leeroy\Documents\GitHub\BoilerMakeBadge_I\PCB\BoilermakeBadge\MainBoard.SchDoc with Cap Semi from Miscellaneous Devices.IntLib
Replace Part C6 Cap Semi in C:\Users\Leeroy\Documents\GitHub\BoilerMakeBadge_I\PCB\BoilermakeBadge\MainBoard.SchDoc with Cap Semi from Miscellaneous Devices.IntLib
Replace Part C7 Cap Semi in C:\Users\Leeroy\Documents\GitHub\BoilerMakeBadge_I\PCB\BoilermakeBadge\MainBoard.SchDoc with Cap Semi from Miscellaneous Devices.IntLib
Replace Part C8 Cap Semi in C:\Users\Leeroy\Documents\GitHub\BoilerMakeBadge_I\PCB\BoilermakeBadge\MainBoard.SchDoc with Cap Semi from Miscellaneous Devices.IntLib
Replace Part C9 Cap Semi in C:\Users\Leeroy\Documents\GitHub\BoilerMakeBadge_I\PCB\BoilermakeBadge\MainBoard.SchDoc with Cap Semi from Miscellaneous Devices.IntLib
Replace Part C10 Cap Semi in C:\Users\Leeroy\Documents\GitHub\BoilerMakeBadge_I\PCB\BoilermakeBadge\MainBoard.SchDoc with Cap Semi from Miscellaneous Devices.IntLib
Replace Part C11 Cap Semi in C:\Users\Leeroy\Documents\GitHub\BoilerMakeBadge_I\PCB\BoilermakeBadge\MainBoard.SchDoc with Cap Semi from Miscellaneous Devices.IntLib
Replace Part C12 Cap Semi in C:\Users\Leeroy\Documents\GitHub\BoilerMakeBadge_I\PCB\BoilermakeBadge\MainBoard.SchDoc with Cap Semi from Miscellaneous Devices.IntLib
Replace Part C13 Cap Semi in C:\Users\Leeroy\Documents\GitHub\BoilerMakeBadge_I\PCB\BoilermakeBadge\MainBoard.SchDoc with Cap Semi from Miscellaneous Devices.IntLib
Replace Part C14 Cap Semi in C:\Users\Leeroy\Documents\GitHub\BoilerMakeBadge_I\PCB\BoilermakeBadge\MainBoard.SchDoc with Cap Semi from Miscellaneous Devices.IntLib
Replace Part C15 Cap Semi in C:\Users\Leeroy\Documents\GitHub\BoilerMakeBadge_I\PCB\BoilermakeBadge\MainBoard.SchDoc with Cap Semi from Miscellaneous Devices.IntLib
Replace Part L1 Inductor in C:\Users\Leeroy\Documents\GitHub\BoilerMakeBadge_I\PCB\BoilermakeBadge\MainBoard.SchDoc with Inductor from Miscellaneous Devices.IntLib
Replace Part L2 Inductor in C:\Users\Leeroy\Documents\GitHub\BoilerMakeBadge_I\PCB\BoilermakeBadge\MainBoard.SchDoc with Inductor from Miscellaneous Devices.IntLib
Replace Part L3 Inductor in C:\Users\Leeroy\Documents\GitHub\BoilerMakeBadge_I\PCB\BoilermakeBadge\MainBoard.SchDoc with Inductor from Miscellaneous Devices.IntLib
Replace Part LED1 LED_Green_1206Package in C:\Users\Leeroy\Documents\GitHub\BoilerMakeBadge_I\PCB\BoilermakeBadge\MainBoard.SchDoc with LED_Green_1206Package from BoilermakeBadge_ComponentsLibrary.IntLib
Replace Part LED2 LED_Green_1206Package in C:\Users\Leeroy\Documents\GitHub\BoilerMakeBadge_I\PCB\BoilermakeBadge\MainBoard.SchDoc with LED_Green_1206Package from BoilermakeBadge_ComponentsLibrary.IntLib
Replace Part LED3 LED_Green_1206Package in C:\Users\Leeroy\Documents\GitHub\BoilerMakeBadge_I\PCB\BoilermakeBadge\MainBoard.SchDoc with LED_Green_1206Package from BoilermakeBadge_ComponentsLibrary.IntLib
Replace Part LED4 LED_Green_1206Package in C:\Users\Leeroy\Documents\GitHub\BoilerMakeBadge_I\PCB\BoilermakeBadge\MainBoard.SchDoc with LED_Green_1206Package from BoilermakeBadge_ComponentsLibrary.IntLib
Replace Part LED5 LED_Green_1206Package in C:\Users\Leeroy\Documents\GitHub\BoilerMakeBadge_I\PCB\BoilermakeBadge\MainBoard.SchDoc with LED_Green_1206Package from BoilermakeBadge_ComponentsLibrary.IntLib
Replace Part LED6 LED_Green_1206Package in C:\Users\Leeroy\Documents\GitHub\BoilerMakeBadge_I\PCB\BoilermakeBadge\MainBoard.SchDoc with LED_Green_1206Package from BoilermakeBadge_ComponentsLibrary.IntLib
Replace Part LED7 LED_Green_1206Package in C:\Users\Leeroy\Documents\GitHub\BoilerMakeBadge_I\PCB\BoilermakeBadge\MainBoard.SchDoc with LED_Green_1206Package from BoilermakeBadge_ComponentsLibrary.IntLib
Replace Part LED8 LED_Green_1206Package in C:\Users\Leeroy\Documents\GitHub\BoilerMakeBadge_I\PCB\BoilermakeBadge\MainBoard.SchDoc with LED_Green_1206Package from BoilermakeBadge_ComponentsLibrary.IntLib
Replace Part LED9 LED_Green_1206Package in C:\Users\Leeroy\Documents\GitHub\BoilerMakeBadge_I\PCB\BoilermakeBadge\MainBoard.SchDoc with LED_Green_1206Package from BoilermakeBadge_ComponentsLibrary.IntLib
Replace Part LED10 LED_Green_1206Package in C:\Users\Leeroy\Documents\GitHub\BoilerMakeBadge_I\PCB\BoilermakeBadge\MainBoard.SchDoc with LED_Green_1206Package from BoilermakeBadge_ComponentsLibrary.IntLib
Replace Part LED11 LED_Green_1206Package in C:\Users\Leeroy\Documents\GitHub\BoilerMakeBadge_I\PCB\BoilermakeBadge\MainBoard.SchDoc with LED_Green_1206Package from BoilermakeBadge_ComponentsLibrary.IntLib
Replace Part LED12 LED_Green_1206Package in C:\Users\Leeroy\Documents\GitHub\BoilerMakeBadge_I\PCB\BoilermakeBadge\MainBoard.SchDoc with LED_Green_1206Package from BoilermakeBadge_ComponentsLibrary.IntLib
Replace Part LED13 LED_Green_1206Package in C:\Users\Leeroy\Documents\GitHub\BoilerMakeBadge_I\PCB\BoilermakeBadge\MainBoard.SchDoc with LED_Green_1206Package from BoilermakeBadge_ComponentsLibrary.IntLib
Replace Part LED14 LED_Green_1206Package in C:\Users\Leeroy\Documents\GitHub\BoilerMakeBadge_I\PCB\BoilermakeBadge\MainBoard.SchDoc with LED_Green_1206Package from BoilermakeBadge_ComponentsLibrary.IntLib
Replace Part LED15 LED_Green_1206Package in C:\Users\Leeroy\Documents\GitHub\BoilerMakeBadge_I\PCB\BoilermakeBadge\MainBoard.SchDoc with LED_Green_1206Package from BoilermakeBadge_ComponentsLibrary.IntLib
Replace Part LED16 LED_Green_1206Package in C:\Users\Leeroy\Documents\GitHub\BoilerMakeBadge_I\PCB\BoilermakeBadge\MainBoard.SchDoc with LED_Green_1206Package from BoilermakeBadge_ComponentsLibrary.IntLib
Replace Part P1 Header 3X2A in C:\Users\Leeroy\Documents\GitHub\BoilerMakeBadge_I\PCB\BoilermakeBadge\MainBoard.SchDoc with Header 3X2A from Miscellaneous Connectors.IntLib
Replace Part P2 Header 15 in C:\Users\Leeroy\Documents\GitHub\BoilerMakeBadge_I\PCB\BoilermakeBadge\MainBoard.SchDoc with Header 15 from Miscellaneous Connectors.IntLib
Replace Part P3 Header 16 in C:\Users\Leeroy\Documents\GitHub\BoilerMakeBadge_I\PCB\BoilermakeBadge\MainBoard.SchDoc with Header 16 from Miscellaneous Connectors.IntLib
Replace Part P4 COAX-M in C:\Users\Leeroy\Documents\GitHub\BoilerMakeBadge_I\PCB\BoilermakeBadge\MainBoard.SchDoc with COAX-M from Miscellaneous Connectors.IntLib
Replace Part R1 Resistor_1206Package in C:\Users\Leeroy\Documents\GitHub\BoilerMakeBadge_I\PCB\BoilermakeBadge\MainBoard.SchDoc with Resistor_1206Package from BoilermakeBadge_ComponentsLibrary.IntLib
Replace Part R2 Resistor_1206Package in C:\Users\Leeroy\Documents\GitHub\BoilerMakeBadge_I\PCB\BoilermakeBadge\MainBoard.SchDoc with Resistor_1206Package from BoilermakeBadge_ComponentsLibrary.IntLib
Replace Part R3 Resistor_1206Package in C:\Users\Leeroy\Documents\GitHub\BoilerMakeBadge_I\PCB\BoilermakeBadge\MainBoard.SchDoc with Resistor_1206Package from BoilermakeBadge_ComponentsLibrary.IntLib
Replace Part R4 Resistor_1206Package in C:\Users\Leeroy\Documents\GitHub\BoilerMakeBadge_I\PCB\BoilermakeBadge\MainBoard.SchDoc with Resistor_1206Package from BoilermakeBadge_ComponentsLibrary.IntLib
Replace Part R5 Resistor_1206Package in C:\Users\Leeroy\Documents\GitHub\BoilerMakeBadge_I\PCB\BoilermakeBadge\MainBoard.SchDoc with Resistor_1206Package from BoilermakeBadge_ComponentsLibrary.IntLib
Replace Part R6 Resistor_1206Package in C:\Users\Leeroy\Documents\GitHub\BoilerMakeBadge_I\PCB\BoilermakeBadge\MainBoard.SchDoc with Resistor_1206Package from BoilermakeBadge_ComponentsLibrary.IntLib
Replace Part R7 Resistor_1206Package in C:\Users\Leeroy\Documents\GitHub\BoilerMakeBadge_I\PCB\BoilermakeBadge\MainBoard.SchDoc with Resistor_1206Package from BoilermakeBadge_ComponentsLibrary.IntLib
Replace Part R8 Resistor_1206Package in C:\Users\Leeroy\Documents\GitHub\BoilerMakeBadge_I\PCB\BoilermakeBadge\MainBoard.SchDoc with Resistor_1206Package from BoilermakeBadge_ComponentsLibrary.IntLib
Replace Part R9 Resistor_1206Package in C:\Users\Leeroy\Documents\GitHub\BoilerMakeBadge_I\PCB\BoilermakeBadge\MainBoard.SchDoc with Resistor_1206Package from BoilermakeBadge_ComponentsLibrary.IntLib
Replace Part R10 Resistor_1206Package in C:\Users\Leeroy\Documents\GitHub\BoilerMakeBadge_I\PCB\BoilermakeBadge\MainBoard.SchDoc with Resistor_1206Package from BoilermakeBadge_ComponentsLibrary.IntLib
Replace Part R11 Resistor_1206Package in C:\Users\Leeroy\Documents\GitHub\BoilerMakeBadge_I\PCB\BoilermakeBadge\MainBoard.SchDoc with Resistor_1206Package from BoilermakeBadge_ComponentsLibrary.IntLib
Replace Part R12 Resistor_1206Package in C:\Users\Leeroy\Documents\GitHub\BoilerMakeBadge_I\PCB\BoilermakeBadge\MainBoard.SchDoc with Resistor_1206Package from BoilermakeBadge_ComponentsLibrary.IntLib
Replace Part R13 Resistor_1206Package in C:\Users\Leeroy\Documents\GitHub\BoilerMakeBadge_I\PCB\BoilermakeBadge\MainBoard.SchDoc with Resistor_1206Package from BoilermakeBadge_ComponentsLibrary.IntLib
Replace Part R14 Resistor_1206Package in C:\Users\Leeroy\Documents\GitHub\BoilerMakeBadge_I\PCB\BoilermakeBadge\MainBoard.SchDoc with Resistor_1206Package from BoilermakeBadge_ComponentsLibrary.IntLib
Replace Part R15 Resistor_1206Package in C:\Users\Leeroy\Documents\GitHub\BoilerMakeBadge_I\PCB\BoilermakeBadge\MainBoard.SchDoc with Resistor_1206Package from BoilermakeBadge_ComponentsLibrary.IntLib
Replace Part R16 Resistor_1206Package in C:\Users\Leeroy\Documents\GitHub\BoilerMakeBadge_I\PCB\BoilermakeBadge\MainBoard.SchDoc with Resistor_1206Package from BoilermakeBadge_ComponentsLibrary.IntLib
Replace Part R17 Resistor_1206Package in C:\Users\Leeroy\Documents\GitHub\BoilerMakeBadge_I\PCB\BoilermakeBadge\MainBoard.SchDoc with Resistor_1206Package from BoilermakeBadge_ComponentsLibrary.IntLib
Replace Part R18 Resistor_1206Package in C:\Users\Leeroy\Documents\GitHub\BoilerMakeBadge_I\PCB\BoilermakeBadge\MainBoard.SchDoc with Resistor_1206Package from BoilermakeBadge_ComponentsLibrary.IntLib
Replace Part R19 Resistor_1206Package in C:\Users\Leeroy\Documents\GitHub\BoilerMakeBadge_I\PCB\BoilermakeBadge\MainBoard.SchDoc with Resistor_1206Package from BoilermakeBadge_ComponentsLibrary.IntLib
Replace Part R20 Resistor_1206Package in C:\Users\Leeroy\Documents\GitHub\BoilerMakeBadge_I\PCB\BoilermakeBadge\MainBoard.SchDoc with Resistor_1206Package from BoilermakeBadge_ComponentsLibrary.IntLib
Replace Part R21 Resistor_1206Package in C:\Users\Leeroy\Documents\GitHub\BoilerMakeBadge_I\PCB\BoilermakeBadge\MainBoard.SchDoc with Resistor_1206Package from BoilermakeBadge_ComponentsLibrary.IntLib
Replace Part SW1 TactileButton in C:\Users\Leeroy\Documents\GitHub\BoilerMakeBadge_I\PCB\BoilermakeBadge\MainBoard.SchDoc with TactileButton from BoilermakeBadge_ComponentsLibrary.IntLib
Replace Part U1 ATmega32U4-AU in C:\Users\Leeroy\Documents\GitHub\BoilerMakeBadge_I\PCB\BoilermakeBadge\MainBoard.SchDoc with ATmega32U4-AU from Atmel Microcontroller 8-Bit megaAVR.IntLib
Replace Part U2 nRF24L01+ in C:\Users\Leeroy\Documents\GitHub\BoilerMakeBadge_I\PCB\BoilermakeBadge\MainBoard.SchDoc with nRF24L01+ from BoilermakeBadge_ComponentsLibrary.IntLib
Replace Part U3 8BitShiftRegister in C:\Users\Leeroy\Documents\GitHub\BoilerMakeBadge_I\PCB\BoilermakeBadge\MainBoard.SchDoc with 8BitShiftRegister from BoilermakeBadge_ComponentsLibrary.IntLib
Replace Part U4 8BitShiftRegister in C:\Users\Leeroy\Documents\GitHub\BoilerMakeBadge_I\PCB\BoilermakeBadge\MainBoard.SchDoc with 8BitShiftRegister from BoilermakeBadge_ComponentsLibrary.IntLib
Replace Part U5 Dual N & P-Channel MOSFET in C:\Users\Leeroy\Documents\GitHub\BoilerMakeBadge_I\PCB\BoilermakeBadge\MainBoard.SchDoc with Dual N & P-Channel MOSFET from BoilermakeBadge_ComponentsLibrary.IntLib
Replace Part U6 LD1117DT33TR in C:\Users\Leeroy\Documents\GitHub\BoilerMakeBadge_I\PCB\BoilermakeBadge\MainBoard.SchDoc with LD1117DT33TR from BoilermakeBadge_ComponentsLibrary.IntLib
Replace Part USBMicroB1 USBMicroB in C:\Users\Leeroy\Documents\GitHub\BoilerMakeBadge_I\PCB\BoilermakeBadge\MainBoard.SchDoc with USBMicroB from BoilermakeBadge_ComponentsLibrary.IntLib
Replace Part X1 HC-49S in C:\Users\Leeroy\Documents\GitHub\BoilerMakeBadge_I\PCB\BoilermakeBadge\MainBoard.SchDoc with HC-49S from BoilermakeBadge_ComponentsLibrary.IntLib
Replace Part X2 HC-49S in C:\Users\Leeroy\Documents\GitHub\BoilerMakeBadge_I\PCB\BoilermakeBadge\MainBoard.SchDoc with HC-49S from BoilermakeBadge_ComponentsLibrary.IntLib
