Change Component Designator: Old Designator=Battery New Designator=Battery?
Change Component Designator: Old Designator=FET1 New Designator=FET?
Change Component Designator: Old Designator=LED1 New Designator=LED?
Change Component Designator: Old Designator=LED2 New Designator=LED?
Change Component Designator: Old Designator=LED3 New Designator=LED?
Change Component Designator: Old Designator=LED4 New Designator=LED?
Change Component Designator: Old Designator=LED5 New Designator=LED?
Change Component Designator: Old Designator=LED6 New Designator=LED?
Change Component Designator: Old Designator=LED7 New Designator=LED?
Change Component Designator: Old Designator=LED8 New Designator=LED?
Change Component Designator: Old Designator=LED9 New Designator=LED?
Change Component Designator: Old Designator=LED10 New Designator=LED?
Change Component Designator: Old Designator=LED11 New Designator=LED?
Change Component Designator: Old Designator=LED12 New Designator=LED?
Change Component Designator: Old Designator=LED13 New Designator=LED?
Change Component Designator: Old Designator=LED14 New Designator=LED?
Change Component Designator: Old Designator=LED15 New Designator=LED?
Change Component Designator: Old Designator=LED16 New Designator=LED?
Change Component Designator: Old Designator=P3 New Designator=P?
Change Component Designator: Old Designator=PB1 New Designator=PB?
Change Component Designator: Old Designator=R6 New Designator=R?
Change Component Designator: Old Designator=R6 New Designator=R?
Change Component Designator: Old Designator=SR1 New Designator=SR?
Change Component Designator: Old Designator=SR2 New Designator=SR?
Change Component Designator: Old Designator=USBMicroB New Designator=USBMicroB?
