Added Component: Designator=U1(44ML_N)
Added Pin To Net: NetName=PE6 Pin=U1-1
Added Pin To Net: NetName=USB Pin=U1-2
Added Pin To Net: NetName=D- Pin=U1-3
Added Pin To Net: NetName=D+ Pin=U1-4
Added Pin To Net: NetName=GND Pin=U1-5
Added Pin To Net: NetName=NetC7_1 Pin=U1-6
Added Pin To Net: NetName=USB Pin=U1-7
Added Pin To Net: NetName=SS Pin=U1-8
Added Pin To Net: NetName=SCK Pin=U1-9
Added Pin To Net: NetName=MOSI Pin=U1-10
Added Pin To Net: NetName=MISO Pin=U1-11
Added Pin To Net: NetName=PB7 Pin=U1-12
Added Pin To Net: NetName=RESET Pin=U1-13
Added Pin To Net: NetName=VCC Pin=U1-14
Added Pin To Net: NetName=GND Pin=U1-15
Added Pin To Net: NetName=NetC14_1 Pin=U1-16
Added Pin To Net: NetName=NetC15_1 Pin=U1-17
Added Pin To Net: NetName=PD0 Pin=U1-18
Added Pin To Net: NetName=NetP3_4 Pin=U1-19
Added Pin To Net: NetName=NetP3_3 Pin=U1-20
Added Pin To Net: NetName=NetP3_2 Pin=U1-21
Added Pin To Net: NetName=PD5 Pin=U1-22
Added Pin To Net: NetName=GND Pin=U1-23
Added Pin To Net: NetName=VCC Pin=U1-24
Added Pin To Net: NetName=NetP2_14 Pin=U1-25
Added Pin To Net: NetName=NetP2_12 Pin=U1-26
Added Pin To Net: NetName=NetP2_11 Pin=U1-27
Added Pin To Net: NetName=NetP3_9 Pin=U1-28
Added Pin To Net: NetName=NetP3_8 Pin=U1-29
Added Pin To Net: NetName=NetP3_7 Pin=U1-30
Added Pin To Net: NetName=NetP2_10 Pin=U1-31
Added Pin To Net: NetName=NetP2_9 Pin=U1-32
Added Pin To Net: NetName=HWB Pin=U1-33
Added Pin To Net: NetName=VCC Pin=U1-34
Added Pin To Net: NetName=GND Pin=U1-35
Added Pin To Net: NetName=NetP2_8 Pin=U1-36
Added Pin To Net: NetName=NetP2_7 Pin=U1-37
Added Pin To Net: NetName=NetP2_6 Pin=U1-38
Added Pin To Net: NetName=NetP2_5 Pin=U1-39
Added Pin To Net: NetName=NetP2_4 Pin=U1-40
Added Pin To Net: NetName=NetP2_3 Pin=U1-41
Added Pin To Net: NetName=AREF Pin=U1-42
Added Pin To Net: NetName=GND Pin=U1-43
Added Pin To Net: NetName=VCC Pin=U1-44
Added Member To Class: ClassName=MainBoard Member=Component U1 ATmega32U4-AU
