Added Component: Designator=C1(C1206)
Added Component: Designator=C2(C1206)
Added Component: Designator=C5(C1206)
Added Component: Designator=C6(C1206)
Added Component: Designator=C7(C1206)
Added Component: Designator=C8(0402)
Added Component: Designator=C9(0402)
Added Component: Designator=C10(0402)
Added Component: Designator=C11(C1206)
Added Component: Designator=C12(C1206)
Added Component: Designator=C13(C1206)
Added Component: Designator=C14(C1206)
Added Component: Designator=C15(C1206)
Added Component: Designator=E1(PIN1)
Added Component: Designator=L1(0402-A)
Added Component: Designator=L2(0402-A)
Added Component: Designator=L3(0402-A)
Added Component: Designator=P1(HDR2X3_CEN)
Added Component: Designator=P2(HDR1X15)
Added Component: Designator=P3(HDR1X16)
Added Component: Designator=P4(MMCX2.54-V5)
Added Component: Designator=U1(44ML_N)
Added Pin To Net: NetName=3V3 Pin=C6-2
Added Net: Name=3V3
Added Pin To Net: NetName=ANT1 Pin=L2-2
Added Pin To Net: NetName=ANT1 Pin=L3-1
Added Net: Name=ANT1
Added Pin To Net: NetName=ANT2 Pin=L1-1
Added Pin To Net: NetName=ANT2 Pin=L2-1
Added Net: Name=ANT2
Added Pin To Net: NetName=AREF Pin=P2-2
Added Pin To Net: NetName=AREF Pin=U1-42
Added Net: Name=AREF
Added Net: Name=BATT
Added Pin To Net: NetName=D+ Pin=U1-4
Added Net: Name=D+
Added Pin To Net: NetName=D- Pin=U1-3
Added Net: Name=D-
Added Pin To Net: NetName=GND Pin=C1-1
Added Pin To Net: NetName=GND Pin=C2-1
Added Pin To Net: NetName=GND Pin=C5-1
Added Pin To Net: NetName=GND Pin=C6-1
Added Pin To Net: NetName=GND Pin=C7-2
Added Pin To Net: NetName=GND Pin=C8-1
Added Pin To Net: NetName=GND Pin=C9-1
Added Pin To Net: NetName=GND Pin=C11-2
Added Pin To Net: NetName=GND Pin=C12-1
Added Pin To Net: NetName=GND Pin=C13-1
Added Pin To Net: NetName=GND Pin=C14-2
Added Pin To Net: NetName=GND Pin=C15-2
Added Pin To Net: NetName=GND Pin=P1-6
Added Pin To Net: NetName=GND Pin=P2-15
Added Pin To Net: NetName=GND Pin=P3-1
Added Pin To Net: NetName=GND Pin=P4-2
Added Pin To Net: NetName=GND Pin=P4-3
Added Pin To Net: NetName=GND Pin=P4-4
Added Pin To Net: NetName=GND Pin=P4-5
Added Pin To Net: NetName=GND Pin=U1-5
Added Pin To Net: NetName=GND Pin=U1-15
Added Pin To Net: NetName=GND Pin=U1-23
Added Pin To Net: NetName=GND Pin=U1-35
Added Pin To Net: NetName=GND Pin=U1-43
Added Net: Name=GND
Added Pin To Net: NetName=HWB Pin=U1-33
Added Net: Name=HWB
Added Pin To Net: NetName=MISO Pin=P1-1
Added Pin To Net: NetName=MISO Pin=P3-10
Added Pin To Net: NetName=MISO Pin=U1-11
Added Net: Name=MISO
Added Pin To Net: NetName=MOSI Pin=P1-5
Added Pin To Net: NetName=MOSI Pin=P3-11
Added Pin To Net: NetName=MOSI Pin=U1-10
Added Net: Name=MOSI
Added Pin To Net: NetName=NetC7_1 Pin=C7-1
Added Pin To Net: NetName=NetC7_1 Pin=U1-6
Added Net: Name=NetC7_1
Added Pin To Net: NetName=NetC10_1 Pin=C10-1
Added Pin To Net: NetName=NetC10_1 Pin=C11-1
Added Pin To Net: NetName=NetC10_1 Pin=P4-1
Added Net: Name=NetC10_1
Added Pin To Net: NetName=NetC10_2 Pin=C10-2
Added Pin To Net: NetName=NetC10_2 Pin=L1-2
Added Net: Name=NetC10_2
Added Pin To Net: NetName=NetC12_2 Pin=C12-2
Added Net: Name=NetC12_2
Added Pin To Net: NetName=NetC13_2 Pin=C13-2
Added Net: Name=NetC13_2
Added Pin To Net: NetName=NetC14_1 Pin=C14-1
Added Pin To Net: NetName=NetC14_1 Pin=U1-16
Added Net: Name=NetC14_1
Added Pin To Net: NetName=NetC15_1 Pin=C15-1
Added Pin To Net: NetName=NetC15_1 Pin=U1-17
Added Net: Name=NetC15_1
Added Pin To Net: NetName=NetE1_1 Pin=E1-1
Added Net: Name=NetE1_1
Added Net: Name=NetLED1_1
Added Net: Name=NetLED2_1
Added Net: Name=NetLED3_1
Added Net: Name=NetLED4_1
Added Net: Name=NetLED5_1
Added Net: Name=NetLED6_1
Added Net: Name=NetLED7_1
Added Net: Name=NetLED8_1
Added Net: Name=NetLED9_1
Added Net: Name=NetLED10_1
Added Net: Name=NetLED11_1
Added Net: Name=NetLED12_1
Added Net: Name=NetLED13_1
Added Net: Name=NetLED14_1
Added Net: Name=NetLED15_1
Added Net: Name=NetLED16_1
Added Pin To Net: NetName=NetP2_3 Pin=P2-3
Added Pin To Net: NetName=NetP2_3 Pin=U1-41
Added Net: Name=NetP2_3
Added Pin To Net: NetName=NetP2_4 Pin=P2-4
Added Pin To Net: NetName=NetP2_4 Pin=U1-40
Added Net: Name=NetP2_4
Added Pin To Net: NetName=NetP2_5 Pin=P2-5
Added Pin To Net: NetName=NetP2_5 Pin=U1-39
Added Net: Name=NetP2_5
Added Pin To Net: NetName=NetP2_6 Pin=P2-6
Added Pin To Net: NetName=NetP2_6 Pin=U1-38
Added Net: Name=NetP2_6
Added Pin To Net: NetName=NetP2_7 Pin=P2-7
Added Pin To Net: NetName=NetP2_7 Pin=U1-37
Added Net: Name=NetP2_7
Added Pin To Net: NetName=NetP2_8 Pin=P2-8
Added Pin To Net: NetName=NetP2_8 Pin=U1-36
Added Net: Name=NetP2_8
Added Pin To Net: NetName=NetP2_9 Pin=P2-9
Added Pin To Net: NetName=NetP2_9 Pin=U1-32
Added Net: Name=NetP2_9
Added Pin To Net: NetName=NetP2_10 Pin=P2-10
Added Pin To Net: NetName=NetP2_10 Pin=U1-31
Added Net: Name=NetP2_10
Added Pin To Net: NetName=NetP2_11 Pin=P2-11
Added Pin To Net: NetName=NetP2_11 Pin=U1-27
Added Net: Name=NetP2_11
Added Pin To Net: NetName=NetP2_12 Pin=P2-12
Added Pin To Net: NetName=NetP2_12 Pin=U1-26
Added Net: Name=NetP2_12
Added Pin To Net: NetName=NetP2_14 Pin=P2-14
Added Pin To Net: NetName=NetP2_14 Pin=U1-25
Added Net: Name=NetP2_14
Added Pin To Net: NetName=NetP3_2 Pin=P3-2
Added Pin To Net: NetName=NetP3_2 Pin=U1-21
Added Net: Name=NetP3_2
Added Pin To Net: NetName=NetP3_3 Pin=P3-3
Added Pin To Net: NetName=NetP3_3 Pin=U1-20
Added Net: Name=NetP3_3
Added Pin To Net: NetName=NetP3_4 Pin=P3-4
Added Pin To Net: NetName=NetP3_4 Pin=U1-19
Added Net: Name=NetP3_4
Added Pin To Net: NetName=NetP3_7 Pin=P3-7
Added Pin To Net: NetName=NetP3_7 Pin=U1-30
Added Net: Name=NetP3_7
Added Pin To Net: NetName=NetP3_8 Pin=P3-8
Added Pin To Net: NetName=NetP3_8 Pin=U1-29
Added Net: Name=NetP3_8
Added Pin To Net: NetName=NetP3_9 Pin=P3-9
Added Pin To Net: NetName=NetP3_9 Pin=U1-28
Added Net: Name=NetP3_9
Added Net: Name=NetR4_2
Added Net: Name=NetR6_2
Added Pin To Net: NetName=PB7 Pin=P3-6
Added Pin To Net: NetName=PB7 Pin=U1-12
Added Net: Name=PB7
Added Pin To Net: NetName=PD0 Pin=P3-5
Added Pin To Net: NetName=PD0 Pin=U1-18
Added Net: Name=PD0
Added Pin To Net: NetName=PD5 Pin=P2-13
Added Pin To Net: NetName=PD5 Pin=U1-22
Added Net: Name=PD5
Added Pin To Net: NetName=PE2 Pin=P3-15
Added Net: Name=PE2
Added Pin To Net: NetName=PE6 Pin=P3-14
Added Pin To Net: NetName=PE6 Pin=U1-1
Added Net: Name=PE6
Added Net: Name=Q0
Added Net: Name=Q1
Added Net: Name=Q2
Added Net: Name=Q3
Added Net: Name=Q4
Added Net: Name=Q5
Added Net: Name=Q6
Added Net: Name=Q7
Added Net: Name=Q8
Added Net: Name=Q9
Added Net: Name=Q10
Added Net: Name=Q11
Added Net: Name=Q12
Added Net: Name=Q13
Added Net: Name=Q14
Added Net: Name=Q15
Added Pin To Net: NetName=RESET Pin=U1-13
Added Net: Name=RESET
Added Pin To Net: NetName=RST Pin=P1-3
Added Net: Name=RST
Added Pin To Net: NetName=SCK Pin=P1-2
Added Pin To Net: NetName=SCK Pin=P3-12
Added Pin To Net: NetName=SCK Pin=U1-9
Added Net: Name=SCK
Added Pin To Net: NetName=SS Pin=P3-13
Added Pin To Net: NetName=SS Pin=U1-8
Added Net: Name=SS
Added Pin To Net: NetName=USB Pin=C2-2
Added Pin To Net: NetName=USB Pin=U1-2
Added Pin To Net: NetName=USB Pin=U1-7
Added Net: Name=USB
Added Pin To Net: NetName=VCC Pin=C1-2
Added Pin To Net: NetName=VCC Pin=P1-4
Added Pin To Net: NetName=VCC Pin=P2-1
Added Pin To Net: NetName=VCC Pin=P3-16
Added Pin To Net: NetName=VCC Pin=U1-14
Added Pin To Net: NetName=VCC Pin=U1-24
Added Pin To Net: NetName=VCC Pin=U1-34
Added Pin To Net: NetName=VCC Pin=U1-44
Added Net: Name=VCC
Added Pin To Net: NetName=VDD_PA Pin=C8-2
Added Pin To Net: NetName=VDD_PA Pin=C9-2
Added Pin To Net: NetName=VDD_PA Pin=L3-2
Added Net: Name=VDD_PA
Added Class: Name=MainBoard
Added Room: Name=MainBoard
