Added Component: Designator=ANT1(INV_F_PCB_ANTENNA)
Added Component: Designator=Battery1(PowerPins_PCB)
Added Component: Designator=C1(C1206)
Added Component: Designator=C2(C1206)
Added Component: Designator=C3(sheityCapPackage)
Added Component: Designator=C4(sheityCapPackage)
Added Component: Designator=C5(C1206)
Added Component: Designator=C6(C1206)
Added Component: Designator=C7(C1206)
Added Component: Designator=C8(0402)
Added Component: Designator=C9(0402)
Added Component: Designator=C10(0402)
Added Component: Designator=C11(C1206)
Added Component: Designator=C12(C1206)
Added Component: Designator=C13(C1206)
Added Component: Designator=C14(C1206)
Added Component: Designator=C15(C1206)
Added Component: Designator=L1(0402-A)
Added Component: Designator=L2(0402-A)
Added Component: Designator=L3(0402-A)
Added Component: Designator=LED1(1206Package_PCB)
Added Component: Designator=LED2(1206Package_PCB)
Added Component: Designator=LED3(1206Package_PCB)
Added Component: Designator=LED4(1206Package_PCB)
Added Component: Designator=LED5(1206Package_PCB)
Added Component: Designator=LED6(1206Package_PCB)
Added Component: Designator=LED7(1206Package_PCB)
Added Component: Designator=LED8(1206Package_PCB)
Added Component: Designator=LED9(1206Package_PCB)
Added Component: Designator=LED10(1206Package_PCB)
Added Component: Designator=LED11(1206Package_PCB)
Added Component: Designator=LED12(1206Package_PCB)
Added Component: Designator=LED13(1206Package_PCB)
Added Component: Designator=LED14(1206Package_PCB)
Added Component: Designator=LED15(1206Package_PCB)
Added Component: Designator=LED16(1206Package_PCB)
Added Component: Designator=P1(HDR2X3_CEN)
Added Component: Designator=P2(HDR1X15)
Added Component: Designator=P3(HDR1X16)
Added Component: Designator=P4(MMCX2.54-V5)
Added Component: Designator=R1(1206Package_PCB)
Added Component: Designator=R2(1206Package_PCB)
Added Component: Designator=R3(1206Package_PCB)
Added Component: Designator=R4(1206Package_PCB)
Added Component: Designator=R5(1206Package_PCB)
Added Component: Designator=R6(1206Package_PCB)
Added Component: Designator=R7(1206Package_PCB)
Added Component: Designator=R8(1206Package_PCB)
Added Component: Designator=R9(1206Package_PCB)
Added Component: Designator=R10(1206Package_PCB)
Added Component: Designator=R11(1206Package_PCB)
Added Component: Designator=R12(1206Package_PCB)
Added Component: Designator=R13(1206Package_PCB)
Added Component: Designator=R14(1206Package_PCB)
Added Component: Designator=R15(1206Package_PCB)
Added Component: Designator=R16(1206Package_PCB)
Added Component: Designator=R17(1206Package_PCB)
Added Component: Designator=R18(1206Package_PCB)
Added Component: Designator=R19(1206Package_PCB)
Added Component: Designator=R20(1206Package_PCB)
Added Component: Designator=R21(1206Package_PCB)
Added Component: Designator=SW1(TactileSwitchPCB)
Added Component: Designator=U1(44ML_N)
Added Component: Designator=U2(20-VFQFN)
Added Component: Designator=U3(16-SOIC)
Added Component: Designator=U4(16-SOIC)
Added Component: Designator=U5(8-SOIC)
Added Component: Designator=U6(DPAK)
Added Component: Designator=USBMicroB1(USBMicroB_PCB)
Added Component: Designator=X1(HC-49S)
Added Component: Designator=X2(HC-49S)
Added Pin To Net: NetName=3V3 Pin=C6-2
Added Pin To Net: NetName=3V3 Pin=U2-7
Added Pin To Net: NetName=3V3 Pin=U2-15
Added Pin To Net: NetName=3V3 Pin=U2-18
Added Pin To Net: NetName=3V3 Pin=U2-19
Added Pin To Net: NetName=3V3 Pin=U6-2
Added Net: Name=3V3
Added Pin To Net: NetName=ANT1 Pin=L2-2
Added Pin To Net: NetName=ANT1 Pin=L3-1
Added Pin To Net: NetName=ANT1 Pin=U2-12
Added Net: Name=ANT1
Added Pin To Net: NetName=ANT2 Pin=L1-1
Added Pin To Net: NetName=ANT2 Pin=L2-1
Added Pin To Net: NetName=ANT2 Pin=U2-13
Added Net: Name=ANT2
Added Pin To Net: NetName=BATT Pin=Battery1-1
Added Pin To Net: NetName=BATT Pin=U5-3
Added Net: Name=BATT
Added Pin To Net: NetName=D+ Pin=R6-1
Added Pin To Net: NetName=D+ Pin=U1-4
Added Net: Name=D+
Added Pin To Net: NetName=D- Pin=R4-1
Added Pin To Net: NetName=D- Pin=U1-3
Added Net: Name=D-
Added Pin To Net: NetName=GND Pin=ANT1-1
Added Pin To Net: NetName=GND Pin=ANT1-2
Added Pin To Net: NetName=GND Pin=Battery1-2
Added Pin To Net: NetName=GND Pin=C1-1
Added Pin To Net: NetName=GND Pin=C2-1
Added Pin To Net: NetName=GND Pin=C3-2
Added Pin To Net: NetName=GND Pin=C4-2
Added Pin To Net: NetName=GND Pin=C5-1
Added Pin To Net: NetName=GND Pin=C6-1
Added Pin To Net: NetName=GND Pin=C7-2
Added Pin To Net: NetName=GND Pin=C8-1
Added Pin To Net: NetName=GND Pin=C9-1
Added Pin To Net: NetName=GND Pin=C11-2
Added Pin To Net: NetName=GND Pin=C12-1
Added Pin To Net: NetName=GND Pin=C13-1
Added Pin To Net: NetName=GND Pin=C14-2
Added Pin To Net: NetName=GND Pin=C15-2
Added Pin To Net: NetName=GND Pin=LED1-2
Added Pin To Net: NetName=GND Pin=LED2-2
Added Pin To Net: NetName=GND Pin=LED3-2
Added Pin To Net: NetName=GND Pin=LED4-2
Added Pin To Net: NetName=GND Pin=LED5-2
Added Pin To Net: NetName=GND Pin=LED6-2
Added Pin To Net: NetName=GND Pin=LED7-2
Added Pin To Net: NetName=GND Pin=LED8-2
Added Pin To Net: NetName=GND Pin=LED9-2
Added Pin To Net: NetName=GND Pin=LED10-2
Added Pin To Net: NetName=GND Pin=LED11-2
Added Pin To Net: NetName=GND Pin=LED12-2
Added Pin To Net: NetName=GND Pin=LED13-2
Added Pin To Net: NetName=GND Pin=LED14-2
Added Pin To Net: NetName=GND Pin=LED15-2
Added Pin To Net: NetName=GND Pin=LED16-2
Added Pin To Net: NetName=GND Pin=P1-6
Added Pin To Net: NetName=GND Pin=P2-15
Added Pin To Net: NetName=GND Pin=P3-1
Added Pin To Net: NetName=GND Pin=P4-2
Added Pin To Net: NetName=GND Pin=P4-3
Added Pin To Net: NetName=GND Pin=P4-4
Added Pin To Net: NetName=GND Pin=P4-5
Added Pin To Net: NetName=GND Pin=R2-1
Added Pin To Net: NetName=GND Pin=R21-2
Added Pin To Net: NetName=GND Pin=SW1-3
Added Pin To Net: NetName=GND Pin=SW1-4
Added Pin To Net: NetName=GND Pin=U1-5
Added Pin To Net: NetName=GND Pin=U1-15
Added Pin To Net: NetName=GND Pin=U1-23
Added Pin To Net: NetName=GND Pin=U1-35
Added Pin To Net: NetName=GND Pin=U1-43
Added Pin To Net: NetName=GND Pin=U2-8
Added Pin To Net: NetName=GND Pin=U2-14
Added Pin To Net: NetName=GND Pin=U2-17
Added Pin To Net: NetName=GND Pin=U2-20
Added Pin To Net: NetName=GND Pin=U3-8
Added Pin To Net: NetName=GND Pin=U4-8
Added Pin To Net: NetName=GND Pin=U6-1
Added Pin To Net: NetName=GND Pin=USBMicroB1-5
Added Net: Name=GND
Added Pin To Net: NetName=MISO Pin=P1-1
Added Pin To Net: NetName=MISO Pin=P3-10
Added Pin To Net: NetName=MISO Pin=U1-11
Added Pin To Net: NetName=MISO Pin=U2-5
Added Net: Name=MISO
Added Pin To Net: NetName=MOSI Pin=P1-5
Added Pin To Net: NetName=MOSI Pin=P3-11
Added Pin To Net: NetName=MOSI Pin=U1-10
Added Pin To Net: NetName=MOSI Pin=U2-4
Added Pin To Net: NetName=MOSI Pin=U3-14
Added Net: Name=MOSI
Added Pin To Net: NetName=NetANT1_3 Pin=ANT1-3
Added Pin To Net: NetName=NetANT1_3 Pin=R20-2
Added Net: Name=NetANT1_3
Added Pin To Net: NetName=NetC7_1 Pin=C7-1
Added Pin To Net: NetName=NetC7_1 Pin=U1-6
Added Net: Name=NetC7_1
Added Pin To Net: NetName=NetC10_1 Pin=C10-1
Added Pin To Net: NetName=NetC10_1 Pin=C11-1
Added Pin To Net: NetName=NetC10_1 Pin=P4-1
Added Pin To Net: NetName=NetC10_1 Pin=R20-1
Added Net: Name=NetC10_1
Added Pin To Net: NetName=NetC10_2 Pin=C10-2
Added Pin To Net: NetName=NetC10_2 Pin=L1-2
Added Net: Name=NetC10_2
Added Pin To Net: NetName=NetC12_2 Pin=C12-2
Added Pin To Net: NetName=NetC12_2 Pin=U2-9
Added Pin To Net: NetName=NetC12_2 Pin=X2-1
Added Net: Name=NetC12_2
Added Pin To Net: NetName=NetC13_2 Pin=C13-2
Added Pin To Net: NetName=NetC13_2 Pin=U2-10
Added Pin To Net: NetName=NetC13_2 Pin=X2-2
Added Net: Name=NetC13_2
Added Pin To Net: NetName=NetC14_1 Pin=C14-1
Added Pin To Net: NetName=NetC14_1 Pin=U1-16
Added Pin To Net: NetName=NetC14_1 Pin=X1-2
Added Net: Name=NetC14_1
Added Pin To Net: NetName=NetC15_1 Pin=C15-1
Added Pin To Net: NetName=NetC15_1 Pin=U1-17
Added Pin To Net: NetName=NetC15_1 Pin=X1-1
Added Net: Name=NetC15_1
Added Pin To Net: NetName=NetLED1_1 Pin=LED1-1
Added Pin To Net: NetName=NetLED1_1 Pin=R1-2
Added Net: Name=NetLED1_1
Added Pin To Net: NetName=NetLED2_1 Pin=LED2-1
Added Pin To Net: NetName=NetLED2_1 Pin=R3-2
Added Net: Name=NetLED2_1
Added Pin To Net: NetName=NetLED3_1 Pin=LED3-1
Added Pin To Net: NetName=NetLED3_1 Pin=R5-2
Added Net: Name=NetLED3_1
Added Pin To Net: NetName=NetLED4_1 Pin=LED4-1
Added Pin To Net: NetName=NetLED4_1 Pin=R7-2
Added Net: Name=NetLED4_1
Added Pin To Net: NetName=NetLED5_1 Pin=LED5-1
Added Pin To Net: NetName=NetLED5_1 Pin=R8-2
Added Net: Name=NetLED5_1
Added Pin To Net: NetName=NetLED6_1 Pin=LED6-1
Added Pin To Net: NetName=NetLED6_1 Pin=R9-2
Added Net: Name=NetLED6_1
Added Pin To Net: NetName=NetLED7_1 Pin=LED7-1
Added Pin To Net: NetName=NetLED7_1 Pin=R10-2
Added Net: Name=NetLED7_1
Added Pin To Net: NetName=NetLED8_1 Pin=LED8-1
Added Pin To Net: NetName=NetLED8_1 Pin=R11-2
Added Net: Name=NetLED8_1
Added Pin To Net: NetName=NetLED9_1 Pin=LED9-1
Added Pin To Net: NetName=NetLED9_1 Pin=R12-2
Added Net: Name=NetLED9_1
Added Pin To Net: NetName=NetLED10_1 Pin=LED10-1
Added Pin To Net: NetName=NetLED10_1 Pin=R13-2
Added Net: Name=NetLED10_1
Added Pin To Net: NetName=NetLED11_1 Pin=LED11-1
Added Pin To Net: NetName=NetLED11_1 Pin=R14-2
Added Net: Name=NetLED11_1
Added Pin To Net: NetName=NetLED12_1 Pin=LED12-1
Added Pin To Net: NetName=NetLED12_1 Pin=R15-2
Added Net: Name=NetLED12_1
Added Pin To Net: NetName=NetLED13_1 Pin=LED13-1
Added Pin To Net: NetName=NetLED13_1 Pin=R16-2
Added Net: Name=NetLED13_1
Added Pin To Net: NetName=NetLED14_1 Pin=LED14-1
Added Pin To Net: NetName=NetLED14_1 Pin=R17-2
Added Net: Name=NetLED14_1
Added Pin To Net: NetName=NetLED15_1 Pin=LED15-1
Added Pin To Net: NetName=NetLED15_1 Pin=R18-2
Added Net: Name=NetLED15_1
Added Pin To Net: NetName=NetLED16_1 Pin=LED16-1
Added Pin To Net: NetName=NetLED16_1 Pin=R19-2
Added Net: Name=NetLED16_1
Added Pin To Net: NetName=NetP2_2 Pin=P2-2
Added Pin To Net: NetName=NetP2_2 Pin=U1-42
Added Net: Name=NetP2_2
Added Pin To Net: NetName=NetP2_3 Pin=P2-3
Added Pin To Net: NetName=NetP2_3 Pin=U1-41
Added Net: Name=NetP2_3
Added Pin To Net: NetName=NetP2_4 Pin=P2-4
Added Pin To Net: NetName=NetP2_4 Pin=U1-40
Added Net: Name=NetP2_4
Added Pin To Net: NetName=NetP2_5 Pin=P2-5
Added Pin To Net: NetName=NetP2_5 Pin=U1-39
Added Net: Name=NetP2_5
Added Pin To Net: NetName=NetP2_6 Pin=P2-6
Added Pin To Net: NetName=NetP2_6 Pin=U1-38
Added Net: Name=NetP2_6
Added Pin To Net: NetName=NetP2_7 Pin=P2-7
Added Pin To Net: NetName=NetP2_7 Pin=U1-37
Added Net: Name=NetP2_7
Added Pin To Net: NetName=NetP2_8 Pin=P2-8
Added Pin To Net: NetName=NetP2_8 Pin=U1-36
Added Net: Name=NetP2_8
Added Pin To Net: NetName=NetP2_9 Pin=P2-9
Added Pin To Net: NetName=NetP2_9 Pin=U1-32
Added Net: Name=NetP2_9
Added Pin To Net: NetName=NetP2_10 Pin=P2-10
Added Pin To Net: NetName=NetP2_10 Pin=U1-31
Added Net: Name=NetP2_10
Added Pin To Net: NetName=NetP2_11 Pin=P2-11
Added Pin To Net: NetName=NetP2_11 Pin=U1-27
Added Net: Name=NetP2_11
Added Pin To Net: NetName=NetP2_12 Pin=P2-12
Added Pin To Net: NetName=NetP2_12 Pin=U1-26
Added Net: Name=NetP2_12
Added Pin To Net: NetName=NetP2_14 Pin=P2-14
Added Pin To Net: NetName=NetP2_14 Pin=U1-25
Added Net: Name=NetP2_14
Added Pin To Net: NetName=NetP3_2 Pin=P3-2
Added Pin To Net: NetName=NetP3_2 Pin=U1-21
Added Net: Name=NetP3_2
Added Pin To Net: NetName=NetP3_3 Pin=P3-3
Added Pin To Net: NetName=NetP3_3 Pin=U1-20
Added Net: Name=NetP3_3
Added Pin To Net: NetName=NetP3_4 Pin=P3-4
Added Pin To Net: NetName=NetP3_4 Pin=U1-19
Added Net: Name=NetP3_4
Added Pin To Net: NetName=NetP3_7 Pin=P3-7
Added Pin To Net: NetName=NetP3_7 Pin=U1-30
Added Net: Name=NetP3_7
Added Pin To Net: NetName=NetP3_8 Pin=P3-8
Added Pin To Net: NetName=NetP3_8 Pin=U1-29
Added Net: Name=NetP3_8
Added Pin To Net: NetName=NetP3_9 Pin=P3-9
Added Pin To Net: NetName=NetP3_9 Pin=U1-28
Added Net: Name=NetP3_9
Added Pin To Net: NetName=NetR4_2 Pin=R4-2
Added Pin To Net: NetName=NetR4_2 Pin=USBMicroB1-2
Added Net: Name=NetR4_2
Added Pin To Net: NetName=NetR6_2 Pin=R6-2
Added Pin To Net: NetName=NetR6_2 Pin=USBMicroB1-3
Added Net: Name=NetR6_2
Added Pin To Net: NetName=NetR21_1 Pin=R21-1
Added Pin To Net: NetName=NetR21_1 Pin=U2-16
Added Net: Name=NetR21_1
Added Pin To Net: NetName=NetU3_9 Pin=U3-9
Added Pin To Net: NetName=NetU3_9 Pin=U4-14
Added Net: Name=NetU3_9
Added Pin To Net: NetName=PB7 Pin=P3-6
Added Pin To Net: NetName=PB7 Pin=U1-12
Added Pin To Net: NetName=PB7 Pin=U2-6
Added Net: Name=PB7
Added Pin To Net: NetName=PD0 Pin=P3-5
Added Pin To Net: NetName=PD0 Pin=U1-18
Added Pin To Net: NetName=PD0 Pin=U3-13
Added Pin To Net: NetName=PD0 Pin=U4-13
Added Net: Name=PD0
Added Pin To Net: NetName=PD5 Pin=P2-13
Added Pin To Net: NetName=PD5 Pin=U1-22
Added Pin To Net: NetName=PD5 Pin=U2-1
Added Net: Name=PD5
Added Pin To Net: NetName=PE2 Pin=P3-15
Added Pin To Net: NetName=PE2 Pin=U1-33
Added Net: Name=PE2
Added Pin To Net: NetName=PE6 Pin=P3-14
Added Pin To Net: NetName=PE6 Pin=U1-1
Added Net: Name=PE6
Added Pin To Net: NetName=Q0 Pin=R1-1
Added Pin To Net: NetName=Q0 Pin=U3-15
Added Net: Name=Q0
Added Pin To Net: NetName=Q1 Pin=R3-1
Added Pin To Net: NetName=Q1 Pin=U3-1
Added Net: Name=Q1
Added Pin To Net: NetName=Q2 Pin=R5-1
Added Pin To Net: NetName=Q2 Pin=U3-2
Added Net: Name=Q2
Added Pin To Net: NetName=Q3 Pin=R7-1
Added Pin To Net: NetName=Q3 Pin=U3-3
Added Net: Name=Q3
Added Pin To Net: NetName=Q4 Pin=R8-1
Added Pin To Net: NetName=Q4 Pin=U3-4
Added Net: Name=Q4
Added Pin To Net: NetName=Q5 Pin=R9-1
Added Pin To Net: NetName=Q5 Pin=U3-5
Added Net: Name=Q5
Added Pin To Net: NetName=Q6 Pin=R10-1
Added Pin To Net: NetName=Q6 Pin=U3-6
Added Net: Name=Q6
Added Pin To Net: NetName=Q7 Pin=R11-1
Added Pin To Net: NetName=Q7 Pin=U3-7
Added Net: Name=Q7
Added Pin To Net: NetName=Q8 Pin=R12-1
Added Pin To Net: NetName=Q8 Pin=U4-15
Added Net: Name=Q8
Added Pin To Net: NetName=Q9 Pin=R13-1
Added Pin To Net: NetName=Q9 Pin=U4-1
Added Net: Name=Q9
Added Pin To Net: NetName=Q10 Pin=R14-1
Added Pin To Net: NetName=Q10 Pin=U4-2
Added Net: Name=Q10
Added Pin To Net: NetName=Q11 Pin=R15-1
Added Pin To Net: NetName=Q11 Pin=U4-3
Added Net: Name=Q11
Added Pin To Net: NetName=Q12 Pin=R16-1
Added Pin To Net: NetName=Q12 Pin=U4-4
Added Net: Name=Q12
Added Pin To Net: NetName=Q13 Pin=R17-1
Added Pin To Net: NetName=Q13 Pin=U4-5
Added Net: Name=Q13
Added Pin To Net: NetName=Q14 Pin=R18-1
Added Pin To Net: NetName=Q14 Pin=U4-6
Added Net: Name=Q14
Added Pin To Net: NetName=Q15 Pin=R19-1
Added Pin To Net: NetName=Q15 Pin=U4-7
Added Net: Name=Q15
Added Pin To Net: NetName=RESET Pin=SW1-1
Added Pin To Net: NetName=RESET Pin=SW1-2
Added Pin To Net: NetName=RESET Pin=U1-13
Added Net: Name=RESET
Added Pin To Net: NetName=RST Pin=P1-3
Added Net: Name=RST
Added Pin To Net: NetName=SCK Pin=P1-2
Added Pin To Net: NetName=SCK Pin=P3-12
Added Pin To Net: NetName=SCK Pin=U1-9
Added Pin To Net: NetName=SCK Pin=U2-3
Added Pin To Net: NetName=SCK Pin=U3-11
Added Pin To Net: NetName=SCK Pin=U4-11
Added Net: Name=SCK
Added Pin To Net: NetName=SS Pin=P3-13
Added Pin To Net: NetName=SS Pin=U1-8
Added Pin To Net: NetName=SS Pin=U2-2
Added Pin To Net: NetName=SS Pin=U3-12
Added Pin To Net: NetName=SS Pin=U4-12
Added Net: Name=SS
Added Pin To Net: NetName=USB Pin=C2-2
Added Pin To Net: NetName=USB Pin=C3-1
Added Pin To Net: NetName=USB Pin=R2-2
Added Pin To Net: NetName=USB Pin=U1-2
Added Pin To Net: NetName=USB Pin=U1-7
Added Pin To Net: NetName=USB Pin=U5-2
Added Pin To Net: NetName=USB Pin=U5-4
Added Pin To Net: NetName=USB Pin=U5-7
Added Pin To Net: NetName=USB Pin=U5-8
Added Pin To Net: NetName=USB Pin=USBMicroB1-1
Added Net: Name=USB
Added Pin To Net: NetName=VCC Pin=C1-2
Added Pin To Net: NetName=VCC Pin=C4-1
Added Pin To Net: NetName=VCC Pin=P1-4
Added Pin To Net: NetName=VCC Pin=P2-1
Added Pin To Net: NetName=VCC Pin=P3-16
Added Pin To Net: NetName=VCC Pin=U1-14
Added Pin To Net: NetName=VCC Pin=U1-24
Added Pin To Net: NetName=VCC Pin=U1-34
Added Pin To Net: NetName=VCC Pin=U1-44
Added Pin To Net: NetName=VCC Pin=U3-10
Added Pin To Net: NetName=VCC Pin=U3-16
Added Pin To Net: NetName=VCC Pin=U4-10
Added Pin To Net: NetName=VCC Pin=U4-16
Added Pin To Net: NetName=VCC Pin=U5-1
Added Pin To Net: NetName=VCC Pin=U5-5
Added Pin To Net: NetName=VCC Pin=U5-6
Added Pin To Net: NetName=VCC Pin=U6-3
Added Net: Name=VCC
Added Pin To Net: NetName=VDD_PA Pin=C8-2
Added Pin To Net: NetName=VDD_PA Pin=C9-2
Added Pin To Net: NetName=VDD_PA Pin=L3-2
Added Pin To Net: NetName=VDD_PA Pin=U2-11
Added Net: Name=VDD_PA
Added Class: Name=MainBoard
Added Room: Name=MainBoard
