Removed Pin From Net: NetName=MISO Pin=P1-1
Removed Pin From Net: NetName=SCK Pin=P1-2
Removed Pin From Net: NetName=MOSI Pin=P1-5
Removed Pin From Net: NetName=RESET Pin=U1-13
Removed Pin From Net: NetName=PD5 Pin=U2-1
Removed Pin From Net: NetName=SS Pin=U2-2
Removed Pin From Net: NetName=SCK Pin=U2-3
Removed Pin From Net: NetName=MOSI Pin=U2-4
Removed Pin From Net: NetName=MISO Pin=U2-5
Removed Pin From Net: NetName=PB7 Pin=U2-6
Removed Pin From Net: NetName=SCK Pin=U3-11
Removed Pin From Net: NetName=SS Pin=U3-12
Removed Pin From Net: NetName=PD0 Pin=U3-13
Removed Pin From Net: NetName=MOSI Pin=U3-14
Removed Pin From Net: NetName=SCK Pin=U4-11
Removed Pin From Net: NetName=SS Pin=U4-12
Removed Pin From Net: NetName=PD0 Pin=U4-13
Added Member To Class: ClassName=MainBoard Member=Component ANT1 INV_F_ANTENNA
Added Member To Class: ClassName=MainBoard Member=Component Battery1 PowerPins
Added Member To Class: ClassName=MainBoard Member=Component C1 Cap Semi
Added Member To Class: ClassName=MainBoard Member=Component C2 Cap Semi
Added Member To Class: ClassName=MainBoard Member=Component C3 Electrolytic Capacitor
Added Member To Class: ClassName=MainBoard Member=Component C4 Electrolytic Capacitor
Added Member To Class: ClassName=MainBoard Member=Component C5 Cap Semi
Added Member To Class: ClassName=MainBoard Member=Component C6 Cap Semi
Added Member To Class: ClassName=MainBoard Member=Component C7 Cap Semi
Added Member To Class: ClassName=MainBoard Member=Component C8 Cap Semi
Added Member To Class: ClassName=MainBoard Member=Component C9 Cap Semi
Added Member To Class: ClassName=MainBoard Member=Component C10 Cap Semi
Added Member To Class: ClassName=MainBoard Member=Component C11 Cap Semi
Added Member To Class: ClassName=MainBoard Member=Component C12 Cap Semi
Added Member To Class: ClassName=MainBoard Member=Component C13 Cap Semi
Added Member To Class: ClassName=MainBoard Member=Component C14 Cap Semi
Added Member To Class: ClassName=MainBoard Member=Component C15 Cap Semi
Added Member To Class: ClassName=MainBoard Member=Component L1 Inductor
Added Member To Class: ClassName=MainBoard Member=Component L2 Inductor
Added Member To Class: ClassName=MainBoard Member=Component L3 Inductor
Added Member To Class: ClassName=MainBoard Member=Component LED1 LED_Green_1206Package
Added Member To Class: ClassName=MainBoard Member=Component LED2 LED_Green_1206Package
Added Member To Class: ClassName=MainBoard Member=Component LED3 LED_Green_1206Package
Added Member To Class: ClassName=MainBoard Member=Component LED4 LED_Green_1206Package
Added Member To Class: ClassName=MainBoard Member=Component LED5 LED_Green_1206Package
Added Member To Class: ClassName=MainBoard Member=Component LED6 LED_Green_1206Package
Added Member To Class: ClassName=MainBoard Member=Component LED7 LED_Green_1206Package
Added Member To Class: ClassName=MainBoard Member=Component LED8 LED_Green_1206Package
Added Member To Class: ClassName=MainBoard Member=Component LED9 LED_Green_1206Package
Added Member To Class: ClassName=MainBoard Member=Component LED10 LED_Green_1206Package
Added Member To Class: ClassName=MainBoard Member=Component LED11 LED_Green_1206Package
Added Member To Class: ClassName=MainBoard Member=Component LED12 LED_Green_1206Package
Added Member To Class: ClassName=MainBoard Member=Component LED13 LED_Green_1206Package
Added Member To Class: ClassName=MainBoard Member=Component LED14 LED_Green_1206Package
Added Member To Class: ClassName=MainBoard Member=Component LED15 LED_Green_1206Package
Added Member To Class: ClassName=MainBoard Member=Component LED16 LED_Green_1206Package
Added Member To Class: ClassName=MainBoard Member=Component P1 Header 3X2A
Added Member To Class: ClassName=MainBoard Member=Component P2 Header 15
Added Member To Class: ClassName=MainBoard Member=Component P3 Header 16
Added Member To Class: ClassName=MainBoard Member=Component P4 COAX-M
Added Member To Class: ClassName=MainBoard Member=Component R1 Resistor_1206Package
Added Member To Class: ClassName=MainBoard Member=Component R2 Resistor_1206Package
Added Member To Class: ClassName=MainBoard Member=Component R3 Resistor_1206Package
Added Member To Class: ClassName=MainBoard Member=Component R4 Resistor_1206Package
Added Member To Class: ClassName=MainBoard Member=Component R5 Resistor_1206Package
Added Member To Class: ClassName=MainBoard Member=Component R6 Resistor_1206Package
Added Member To Class: ClassName=MainBoard Member=Component R7 Resistor_1206Package
Added Member To Class: ClassName=MainBoard Member=Component R8 Resistor_1206Package
Added Member To Class: ClassName=MainBoard Member=Component R9 Resistor_1206Package
Added Member To Class: ClassName=MainBoard Member=Component R10 Resistor_1206Package
Added Member To Class: ClassName=MainBoard Member=Component R11 Resistor_1206Package
Added Member To Class: ClassName=MainBoard Member=Component R12 Resistor_1206Package
Added Member To Class: ClassName=MainBoard Member=Component R13 Resistor_1206Package
Added Member To Class: ClassName=MainBoard Member=Component R14 Resistor_1206Package
Added Member To Class: ClassName=MainBoard Member=Component R15 Resistor_1206Package
Added Member To Class: ClassName=MainBoard Member=Component R16 Resistor_1206Package
Added Member To Class: ClassName=MainBoard Member=Component R17 Resistor_1206Package
Added Member To Class: ClassName=MainBoard Member=Component R18 Resistor_1206Package
Added Member To Class: ClassName=MainBoard Member=Component R19 Resistor_1206Package
Added Member To Class: ClassName=MainBoard Member=Component R20 Resistor_1206Package
Added Member To Class: ClassName=MainBoard Member=Component R21 Resistor_1206Package
Added Member To Class: ClassName=MainBoard Member=Component SW1 PushButton
Added Member To Class: ClassName=MainBoard Member=Component U1 ATmega32U4-AU
Added Member To Class: ClassName=MainBoard Member=Component U2 nRF24L01+
Added Member To Class: ClassName=MainBoard Member=Component U3 8BitShiftReg
Added Member To Class: ClassName=MainBoard Member=Component U4 8BitShiftReg
Added Member To Class: ClassName=MainBoard Member=Component U5 DualNP-ChFET
Added Member To Class: ClassName=MainBoard Member=Component U6 LD1117DT33TR
Added Member To Class: ClassName=MainBoard Member=Component USBMicroB1 Micro USB Receptacle Type B
Added Member To Class: ClassName=MainBoard Member=Component X1 HC-49S
Added Member To Class: ClassName=MainBoard Member=Component X2 HC-49S
Added Room: Name=MainBoard
