Added Pin To Net: NetName=MISO Pin=P1-1
Added Pin To Net: NetName=VCC Pin=P1-2
Added Pin To Net: NetName=RESET Pin=P1-3
Added Pin To Net: NetName=MOSI Pin=P1-5
Added Pin To Net: NetName=VCC Pin=P3-12
Added Pin To Net: NetName=VCC Pin=U1-9
Added Pin To Net: NetName=RESET Pin=U1-13
Added Pin To Net: NetName=VCC Pin=U3-11
Added Pin To Net: NetName=SS Pin=U3-12
Added Pin To Net: NetName=PD0 Pin=U3-13
Added Pin To Net: NetName=MOSI Pin=U3-14
Added Pin To Net: NetName=SS Pin=U4-11
Added Pin To Net: NetName=PD0 Pin=U4-12
Added Pin To Net: NetName=MOSI Pin=U4-13
Change Net Name : Old Net Name=VCC New Net Name=SCK
Added Pin To Net: NetName=D+ Pin=R6-1
Added Pin To Net: NetName=D+ Pin=U1-4
Added Net: Name=D+
Added Pin To Net: NetName=D- Pin=R4-1
Added Pin To Net: NetName=D- Pin=U1-3
Added Net: Name=D-
Added Pin To Net: NetName=LED1 Pin=R1-1
Added Pin To Net: NetName=LED1 Pin=U3-15
Added Net: Name=LED1
Added Pin To Net: NetName=LED2 Pin=R3-1
Added Pin To Net: NetName=LED2 Pin=U3-1
Added Net: Name=LED2
Added Pin To Net: NetName=LED3 Pin=R5-1
Added Pin To Net: NetName=LED3 Pin=U3-2
Added Net: Name=LED3
Added Pin To Net: NetName=LED4 Pin=R7-1
Added Pin To Net: NetName=LED4 Pin=U3-3
Added Net: Name=LED4
Added Pin To Net: NetName=LED5 Pin=R8-1
Added Pin To Net: NetName=LED5 Pin=U3-4
Added Net: Name=LED5
Added Pin To Net: NetName=LED6 Pin=R9-1
Added Pin To Net: NetName=LED6 Pin=U3-5
Added Net: Name=LED6
Added Pin To Net: NetName=LED7 Pin=R10-1
Added Pin To Net: NetName=LED7 Pin=U3-6
Added Net: Name=LED7
Added Pin To Net: NetName=LED8 Pin=R11-1
Added Pin To Net: NetName=LED8 Pin=U3-7
Added Net: Name=LED8
Added Pin To Net: NetName=LED9 Pin=R12-1
Added Pin To Net: NetName=LED9 Pin=U4-15
Added Net: Name=LED9
Added Pin To Net: NetName=LED10 Pin=R13-1
Added Pin To Net: NetName=LED10 Pin=U4-1
Added Net: Name=LED10
Added Pin To Net: NetName=LED11 Pin=R14-1
Added Pin To Net: NetName=LED11 Pin=U4-2
Added Net: Name=LED11
Added Pin To Net: NetName=LED12 Pin=R15-1
Added Pin To Net: NetName=LED12 Pin=U4-3
Added Net: Name=LED12
Added Pin To Net: NetName=LED13 Pin=R16-1
Added Pin To Net: NetName=LED13 Pin=U4-4
Added Net: Name=LED13
Added Pin To Net: NetName=LED14 Pin=R17-1
Added Pin To Net: NetName=LED14 Pin=U4-5
Added Net: Name=LED14
Added Pin To Net: NetName=LED15 Pin=R18-1
Added Pin To Net: NetName=LED15 Pin=U4-6
Added Net: Name=LED15
Added Pin To Net: NetName=LED16 Pin=R19-1
Added Pin To Net: NetName=LED16 Pin=U4-7
Added Net: Name=LED16
