Removed Pin From Net: NetName=MOSI Pin=U3-1
Removed Pin From Net: NetName=MOSI Pin=U3-2
Removed Pin From Net: NetName=Q0 Pin=U3-3
Removed Pin From Net: NetName=Q1 Pin=U3-4
Removed Pin From Net: NetName=Q2 Pin=U3-5
Removed Pin From Net: NetName=Q3 Pin=U3-6
Removed Pin From Net: NetName=GND Pin=U3-7
Removed Pin From Net: NetName=SCK Pin=U3-8
Removed Pin From Net: NetName=PD0 Pin=U3-9
Removed Pin From Net: NetName=Q4 Pin=U3-10
Removed Pin From Net: NetName=Q5 Pin=U3-11
Removed Pin From Net: NetName=Q6 Pin=U3-12
Removed Pin From Net: NetName=Q7 Pin=U3-13
Removed Pin From Net: NetName=VCC Pin=U3-14
Removed Pin From Net: NetName=Q7 Pin=U4-1
Removed Pin From Net: NetName=Q7 Pin=U4-2
Removed Pin From Net: NetName=Q8 Pin=U4-3
Removed Pin From Net: NetName=Q9 Pin=U4-4
Removed Pin From Net: NetName=Q10 Pin=U4-5
Removed Pin From Net: NetName=Q11 Pin=U4-6
Removed Pin From Net: NetName=GND Pin=U4-7
Removed Pin From Net: NetName=SCK Pin=U4-8
Removed Pin From Net: NetName=PD0 Pin=U4-9
Removed Pin From Net: NetName=Q12 Pin=U4-10
Removed Pin From Net: NetName=Q13 Pin=U4-11
Removed Pin From Net: NetName=Q14 Pin=U4-12
Removed Pin From Net: NetName=Q15 Pin=U4-13
Removed Pin From Net: NetName=VCC Pin=U4-14
Change Component Footprint: Designator=U5 Old Footprint=8BitShiftRegister_PCB New Footprint=8-SOIC
Change Component Footprint: Designator=U3 Old Footprint=8BitShiftRegister_PCB New Footprint=16-SOIC
Change Component Footprint: Designator=U4 Old Footprint=8BitShiftRegister_PCB New Footprint=16-SOIC
Added Pin To Net: NetName=Q1 Pin=U3-1
Added Pin To Net: NetName=Q2 Pin=U3-2
Added Pin To Net: NetName=Q3 Pin=U3-3
Added Pin To Net: NetName=Q4 Pin=U3-4
Added Pin To Net: NetName=Q5 Pin=U3-5
Added Pin To Net: NetName=Q6 Pin=U3-6
Added Pin To Net: NetName=Q7 Pin=U3-7
Added Pin To Net: NetName=GND Pin=U3-8
Added Pin To Net: NetName=VCC Pin=U3-10
Added Pin To Net: NetName=SCK Pin=U3-11
Added Pin To Net: NetName=SS Pin=U3-12
Added Pin To Net: NetName=PD0 Pin=U3-13
Added Pin To Net: NetName=MOSI Pin=U3-14
Added Pin To Net: NetName=Q0 Pin=U3-15
Added Pin To Net: NetName=VCC Pin=U3-16
Added Pin To Net: NetName=Q9 Pin=U4-1
Added Pin To Net: NetName=Q10 Pin=U4-2
Added Pin To Net: NetName=Q11 Pin=U4-3
Added Pin To Net: NetName=Q12 Pin=U4-4
Added Pin To Net: NetName=Q13 Pin=U4-5
Added Pin To Net: NetName=Q14 Pin=U4-6
Added Pin To Net: NetName=Q15 Pin=U4-7
Added Pin To Net: NetName=GND Pin=U4-8
Added Pin To Net: NetName=VCC Pin=U4-10
Added Pin To Net: NetName=SCK Pin=U4-11
Added Pin To Net: NetName=SS Pin=U4-12
Added Pin To Net: NetName=PD0 Pin=U4-13
Added Pin To Net: NetName=Q8 Pin=U4-15
Added Pin To Net: NetName=VCC Pin=U4-16
Added Pin To Net: NetName=NetU3_9 Pin=U3-9
Added Pin To Net: NetName=NetU3_9 Pin=U4-14
Added Net: Name=NetU3_9
